[22:14:10] [Server thread/INFO]: Starting minecraft server version 1.15.2
[22:14:10] [Server thread/INFO]: Loading properties
[22:14:10] [Server console handler/ERROR]: [TerminalConsole] Failed to read console input
java.io.IOException: The handle is invalid
	at java.io.FileInputStream.readBytes(Native Method) ~[?:1.8.0_202]
	at java.io.FileInputStream.read(Unknown Source) ~[?:1.8.0_202]
	at java.io.BufferedInputStream.read1(Unknown Source) ~[?:1.8.0_202]
	at java.io.BufferedInputStream.read(Unknown Source) ~[?:1.8.0_202]
	at sun.nio.cs.StreamDecoder.readBytes(Unknown Source) ~[?:1.8.0_202]
	at sun.nio.cs.StreamDecoder.implRead(Unknown Source) ~[?:1.8.0_202]
	at sun.nio.cs.StreamDecoder.read(Unknown Source) ~[?:1.8.0_202]
	at java.io.InputStreamReader.read(Unknown Source) ~[?:1.8.0_202]
	at java.io.BufferedReader.fill(Unknown Source) ~[?:1.8.0_202]
	at java.io.BufferedReader.readLine(Unknown Source) ~[?:1.8.0_202]
	at java.io.BufferedReader.readLine(Unknown Source) ~[?:1.8.0_202]
	at net.minecrell.terminalconsole.SimpleTerminalConsole.readCommands(SimpleTerminalConsole.java:180) ~[patched_1.15.2.jar:git-Paper-220]
	at net.minecrell.terminalconsole.SimpleTerminalConsole.start(SimpleTerminalConsole.java:143) ~[patched_1.15.2.jar:git-Paper-220]
	at net.minecraft.server.v1_15_R1.DedicatedServer$2.run(DedicatedServer.java:90) ~[patched_1.15.2.jar:git-Paper-220]
	Suppressed: java.io.IOException: The handle is invalid
		at java.io.FileInputStream.close0(Native Method) ~[?:1.8.0_202]
		at java.io.FileInputStream.access$000(Unknown Source) ~[?:1.8.0_202]
		at java.io.FileInputStream$1.close(Unknown Source) ~[?:1.8.0_202]
		at java.io.FileDescriptor.closeAll(Unknown Source) ~[?:1.8.0_202]
		at java.io.FileInputStream.close(Unknown Source) ~[?:1.8.0_202]
		at java.io.BufferedInputStream.close(Unknown Source) ~[?:1.8.0_202]
		at sun.nio.cs.StreamDecoder.implClose(Unknown Source) ~[?:1.8.0_202]
		at sun.nio.cs.StreamDecoder.close(Unknown Source) ~[?:1.8.0_202]
		at java.io.InputStreamReader.close(Unknown Source) ~[?:1.8.0_202]
		at java.io.BufferedReader.close(Unknown Source) ~[?:1.8.0_202]
		at net.minecrell.terminalconsole.SimpleTerminalConsole.readCommands(SimpleTerminalConsole.java:183) ~[patched_1.15.2.jar:git-Paper-220]
		at net.minecrell.terminalconsole.SimpleTerminalConsole.start(SimpleTerminalConsole.java:143) ~[patched_1.15.2.jar:git-Paper-220]
		at net.minecraft.server.v1_15_R1.DedicatedServer$2.run(DedicatedServer.java:90) ~[patched_1.15.2.jar:git-Paper-220]
[22:14:10] [Server thread/INFO]: This server is running Paper version git-Paper-220 (MC: 1.15.2) (Implementing API version 1.15.2-R0.1-SNAPSHOT)
[22:14:10] [Server thread/INFO]: Debug logging is disabled
[22:14:10] [Server thread/INFO]: Server Ping Player Sample Count: 12
[22:14:10] [Server thread/INFO]: Using 4 threads for Netty based IO
[22:14:11] [Server thread/INFO]: Default game type: SURVIVAL
[22:14:11] [Server thread/INFO]: Generating keypair
[22:14:11] [Server thread/INFO]: Starting Minecraft server on *:25565
[22:14:11] [Server thread/INFO]: Using default channel type
[22:14:15] [Server thread/WARN]: Initializing Legacy Material Support. Unless you have legacy plugins and/or data this is a bug!
[22:14:19] [Server thread/WARN]: Legacy plugin ActionHealth v3.4.6 does not specify an api-version.
[22:14:19] [Server thread/WARN]: Legacy plugin SimpleSit v1.6.3 does not specify an api-version.
[22:14:19] [Server thread/WARN]: Legacy plugin zAuctionHouseV2 v2.1.0.7 does not specify an api-version.
[22:14:19] [Server thread/INFO]: [LuckPerms] Loading LuckPerms v5.0.72
[22:14:19] [Server thread/INFO]: [WorldEdit] Loading WorldEdit v7.1.0;8e55131
[22:14:20] [Server thread/INFO]: Got request to register class com.sk89q.worldedit.bukkit.BukkitServerInterface with WorldEdit [com.sk89q.worldedit.extension.platform.PlatformManager@2ce043ed]
[22:14:20] [Server thread/INFO]: [Timber] Loading Timber v1.0.7
[22:14:20] [Server thread/INFO]: [SimpleRename] Loading SimpleRename v13.5
[22:14:20] [Server thread/INFO]: [HolographicDisplays] Loading HolographicDisplays v2.4.1
[22:14:20] [Server thread/INFO]: [ActionHealth] Loading ActionHealth v3.4.6
[22:14:20] [Server thread/INFO]: [MinecraftServerManager] Loading MinecraftServerManager v1.0.2
[22:14:20] [Server thread/INFO]: [Multiverse-Core] Loading Multiverse-Core v4.1.0-b775
[22:14:20] [Server thread/INFO]: [InventoryRollback] Loading InventoryRollback v1.3.7
[22:14:20] [Server thread/INFO]: [WolfyUtilities] Loading WolfyUtilities v1.5.6.10
[22:14:20] [Server thread/INFO]: [Vault] Loading Vault v1.7.2-b107
[22:14:20] [Server thread/INFO]: [SimpleSit] Loading SimpleSit v1.6.3
[22:14:20] [Server thread/INFO]: [BottledExp] Loading BottledExp v2.2.6.1
[22:14:20] [Server thread/INFO]: [CoreProtect] Loading CoreProtect v2.18.2
[22:14:20] [Server thread/INFO]: [Essentials] Loading Essentials v2.17.2.0
[22:14:20] [Server thread/INFO]: [DeadChest] Loading DeadChest v3.2
[22:14:20] [Server thread/INFO]: [EssentialsXMPP] Loading EssentialsXMPP v2.17.2.0
[22:14:20] [Server thread/INFO]: [zAuctionHouseV2] Loading zAuctionHouseV2 v2.1.0.7
[22:14:20] [Server thread/INFO]: [TabList] Loading TabList v5.3.1
[22:14:20] [Server thread/INFO]: [EssentialsProtect] Loading EssentialsProtect v2.17.2.0
[22:14:20] [Server thread/INFO]: [EssentialsChat] Loading EssentialsChat v2.17.2.0
[22:14:20] [Server thread/INFO]: [EssentialsGeoIP] Loading EssentialsGeoIP v2.17.2.0
[22:14:20] [Server thread/INFO]: [EssentialsAntiBuild] Loading EssentialsAntiBuild v2.17.2.0
[22:14:20] [Server thread/INFO]: [BetterRTP] Loading BetterRTP v2.10.1
[22:14:20] [Server thread/INFO]: [EssentialsSpawn] Loading EssentialsSpawn v2.17.2.0
[22:14:20] [Server thread/INFO]: Server permissions file permissions.yml is empty, ignoring it
[22:14:20] [Server thread/INFO]: [LuckPerms] Enabling LuckPerms v5.0.72
[22:14:20] [Server thread/INFO]:         __    
[22:14:20] [Server thread/INFO]:   |    |__)   LuckPerms v5.0.72
[22:14:20] [Server thread/INFO]:   |___ |      Running on Bukkit - Paper
[22:14:20] [Server thread/INFO]: 
[22:14:20] [Server thread/INFO]: [LuckPerms] Loading configuration...
[22:14:21] [Server thread/INFO]: [LuckPerms] Loading storage provider... [H2]
[22:14:21] [Server thread/INFO]: [LuckPerms] Loading internal permission managers...
[22:14:21] [Server thread/INFO]: [LuckPerms] Performing initial data load...
[22:14:21] [Server thread/INFO]: [LuckPerms] Successfully enabled. (took 1600ms)
[22:14:21] [Server thread/INFO]: [WorldEdit] Enabling WorldEdit v7.1.0;8e55131
[22:14:21] [Server thread/WARN]: [WorldEdit] Loaded class net.milkbowl.vault.permission.Permission from Vault v1.7.2-b107 which is not a depend, softdepend or loadbefore of this plugin.
[22:14:21] [Server thread/INFO]: WEPIF: Using the Bukkit Permissions API.
[22:14:22] [Server thread/INFO]: Using com.sk89q.worldedit.bukkit.adapter.impl.Spigot_v1_15_R2 as the Bukkit adapter
[22:14:22] [Server thread/INFO]: [Vault] Enabling Vault v1.7.2-b107
[22:14:23] [Server thread/WARN]: [Vault] Loaded class com.earth2me.essentials.api.Economy from Essentials v2.17.2.0 which is not a depend, softdepend or loadbefore of this plugin.
[22:14:23] [Server thread/INFO]: [Vault] [Economy] Essentials Economy found: Waiting
[22:14:23] [Server thread/INFO]: [Vault] [Permission] SuperPermissions loaded as backup permission system.
[22:14:23] [Server thread/INFO]: [Vault] Enabled Version 1.7.2-b107
[22:14:23] [Server thread/WARN]: [LuckPerms] Loaded class net.milkbowl.vault.permission.Permission from Vault v1.7.2-b107 which is not a depend, softdepend or loadbefore of this plugin.
[22:14:23] [Server thread/INFO]: [LuckPerms] Registered Vault permission & chat hook.
[22:14:23] [Server thread/INFO]: WEPIF: Vault detected! Using Vault for permissions
[22:14:23] [Server thread/INFO]: Preparing level "world"
[22:14:23] [Server thread/INFO]: Reloading ResourceManager: Default, bukkit
[22:14:23] [Server thread/INFO]: Loaded 6 recipes
[22:14:24] [Server thread/INFO]: -------- World Settings For [world] --------
[22:14:24] [Server thread/INFO]: View Distance: 10
[22:14:24] [Server thread/INFO]: Item Merge Radius: 2.5
[22:14:24] [Server thread/INFO]: Item Despawn Rate: 6000
[22:14:24] [Server thread/INFO]: Allow Zombie Pigmen to spawn from portal blocks: true
[22:14:24] [Server thread/INFO]: Arrow Despawn Rate: 1200 Trident Respawn Rate:1200
[22:14:24] [Server thread/INFO]: Zombie Aggressive Towards Villager: true
[22:14:24] [Server thread/INFO]: Nerfing mobs spawned from spawners: false
[22:14:24] [Server thread/INFO]: Custom Map Seeds:  Village: 10387312 Desert: 14357617 Igloo: 14357618 Jungle: 14357619 Swamp: 14357620 Monument: 10387313 Ocean: 14357621 Shipwreck: 165745295 End City: 10387313 Slime: 987234911
[22:14:24] [Server thread/INFO]: Mob Spawn Range: 8
[22:14:24] [Server thread/INFO]: Cactus Growth Modifier: 100%
[22:14:24] [Server thread/INFO]: Cane Growth Modifier: 100%
[22:14:24] [Server thread/INFO]: Melon Growth Modifier: 100%
[22:14:24] [Server thread/INFO]: Mushroom Growth Modifier: 100%
[22:14:24] [Server thread/INFO]: Pumpkin Growth Modifier: 100%
[22:14:24] [Server thread/INFO]: Sapling Growth Modifier: 100%
[22:14:24] [Server thread/INFO]: Beetroot Growth Modifier: 100%
[22:14:24] [Server thread/INFO]: Carrot Growth Modifier: 100%
[22:14:24] [Server thread/INFO]: Potato Growth Modifier: 100%
[22:14:24] [Server thread/INFO]: Wheat Growth Modifier: 100%
[22:14:24] [Server thread/INFO]: NetherWart Growth Modifier: 100%
[22:14:24] [Server thread/INFO]: Vine Growth Modifier: 100%
[22:14:24] [Server thread/INFO]: Cocoa Growth Modifier: 100%
[22:14:24] [Server thread/INFO]: Bamboo Growth Modifier: 100%
[22:14:24] [Server thread/INFO]: SweetBerry Growth Modifier: 100%
[22:14:24] [Server thread/INFO]: Kelp Growth Modifier: 100%
[22:14:24] [Server thread/INFO]: Experience Merge Radius: 3.0
[22:14:24] [Server thread/INFO]: Entity Activation Range: An 32 / Mo 32 / Ra 48 / Mi 16 / Tiv true
[22:14:24] [Server thread/INFO]: Max TNT Explosions: 100
[22:14:24] [Server thread/INFO]: Tile Max Tick Time: 50ms Entity max Tick Time: 50ms
[22:14:24] [Server thread/INFO]: Entity Tracking Range: Pl 48 / An 48 / Mo 48 / Mi 32 / Other 64
[22:14:24] [Server thread/INFO]: Hopper Transfer: 8 Hopper Check: 1 Hopper Amount: 1
[22:14:24] [Server thread/INFO]: Registering commands with com.sk89q.worldedit.bukkit.BukkitServerInterface
[22:14:24] [Server thread/INFO]: -------- World Settings For [world_nether] --------
[22:14:24] [Server thread/INFO]: View Distance: 10
[22:14:24] [Server thread/INFO]: Item Merge Radius: 2.5
[22:14:24] [Server thread/INFO]: Item Despawn Rate: 6000
[22:14:24] [Server thread/INFO]: Allow Zombie Pigmen to spawn from portal blocks: true
[22:14:24] [Server thread/INFO]: Arrow Despawn Rate: 1200 Trident Respawn Rate:1200
[22:14:24] [Server thread/INFO]: Zombie Aggressive Towards Villager: true
[22:14:24] [Server thread/INFO]: Nerfing mobs spawned from spawners: false
[22:14:24] [Server thread/INFO]: Custom Map Seeds:  Village: 10387312 Desert: 14357617 Igloo: 14357618 Jungle: 14357619 Swamp: 14357620 Monument: 10387313 Ocean: 14357621 Shipwreck: 165745295 End City: 10387313 Slime: 987234911
[22:14:24] [Server thread/INFO]: Mob Spawn Range: 8
[22:14:24] [Server thread/INFO]: Cactus Growth Modifier: 100%
[22:14:24] [Server thread/INFO]: Cane Growth Modifier: 100%
[22:14:24] [Server thread/INFO]: Melon Growth Modifier: 100%
[22:14:24] [Server thread/INFO]: Mushroom Growth Modifier: 100%
[22:14:24] [Server thread/INFO]: Pumpkin Growth Modifier: 100%
[22:14:24] [Server thread/INFO]: Sapling Growth Modifier: 100%
[22:14:24] [Server thread/INFO]: Beetroot Growth Modifier: 100%
[22:14:24] [Server thread/INFO]: Carrot Growth Modifier: 100%
[22:14:24] [Server thread/INFO]: Potato Growth Modifier: 100%
[22:14:24] [Server thread/INFO]: Wheat Growth Modifier: 100%
[22:14:24] [Server thread/INFO]: NetherWart Growth Modifier: 100%
[22:14:24] [Server thread/INFO]: Vine Growth Modifier: 100%
[22:14:24] [Server thread/INFO]: Cocoa Growth Modifier: 100%
[22:14:24] [Server thread/INFO]: Bamboo Growth Modifier: 100%
[22:14:24] [Server thread/INFO]: SweetBerry Growth Modifier: 100%
[22:14:24] [Server thread/INFO]: Kelp Growth Modifier: 100%
[22:14:24] [Server thread/INFO]: Experience Merge Radius: 3.0
[22:14:24] [Server thread/INFO]: Entity Activation Range: An 32 / Mo 32 / Ra 48 / Mi 16 / Tiv true
[22:14:24] [Server thread/INFO]: Max TNT Explosions: 100
[22:14:24] [Server thread/INFO]: Tile Max Tick Time: 50ms Entity max Tick Time: 50ms
[22:14:24] [Server thread/INFO]: Entity Tracking Range: Pl 48 / An 48 / Mo 48 / Mi 32 / Other 64
[22:14:24] [Server thread/INFO]: Hopper Transfer: 8 Hopper Check: 1 Hopper Amount: 1
[22:14:24] [Server thread/INFO]: -------- World Settings For [world_the_end] --------
[22:14:24] [Server thread/INFO]: View Distance: 10
[22:14:24] [Server thread/INFO]: Item Merge Radius: 2.5
[22:14:24] [Server thread/INFO]: Item Despawn Rate: 6000
[22:14:24] [Server thread/INFO]: Allow Zombie Pigmen to spawn from portal blocks: true
[22:14:24] [Server thread/INFO]: Arrow Despawn Rate: 1200 Trident Respawn Rate:1200
[22:14:24] [Server thread/INFO]: Zombie Aggressive Towards Villager: true
[22:14:24] [Server thread/INFO]: Nerfing mobs spawned from spawners: false
[22:14:24] [Server thread/INFO]: Custom Map Seeds:  Village: 10387312 Desert: 14357617 Igloo: 14357618 Jungle: 14357619 Swamp: 14357620 Monument: 10387313 Ocean: 14357621 Shipwreck: 165745295 End City: 10387313 Slime: 987234911
[22:14:24] [Server thread/INFO]: Mob Spawn Range: 8
[22:14:24] [Server thread/INFO]: Cactus Growth Modifier: 100%
[22:14:24] [Server thread/INFO]: Cane Growth Modifier: 100%
[22:14:24] [Server thread/INFO]: Melon Growth Modifier: 100%
[22:14:24] [Server thread/INFO]: Mushroom Growth Modifier: 100%
[22:14:24] [Server thread/INFO]: Pumpkin Growth Modifier: 100%
[22:14:24] [Server thread/INFO]: Sapling Growth Modifier: 100%
[22:14:24] [Server thread/INFO]: Beetroot Growth Modifier: 100%
[22:14:24] [Server thread/INFO]: Carrot Growth Modifier: 100%
[22:14:24] [Server thread/INFO]: Potato Growth Modifier: 100%
[22:14:24] [Server thread/INFO]: Wheat Growth Modifier: 100%
[22:14:24] [Server thread/INFO]: NetherWart Growth Modifier: 100%
[22:14:24] [Server thread/INFO]: Vine Growth Modifier: 100%
[22:14:24] [Server thread/INFO]: Cocoa Growth Modifier: 100%
[22:14:24] [Server thread/INFO]: Bamboo Growth Modifier: 100%
[22:14:24] [Server thread/INFO]: SweetBerry Growth Modifier: 100%
[22:14:24] [Server thread/INFO]: Kelp Growth Modifier: 100%
[22:14:24] [Server thread/INFO]: Experience Merge Radius: 3.0
[22:14:24] [Server thread/INFO]: Entity Activation Range: An 32 / Mo 32 / Ra 48 / Mi 16 / Tiv true
[22:14:24] [Server thread/INFO]: Max TNT Explosions: 100
[22:14:24] [Server thread/INFO]: Tile Max Tick Time: 50ms Entity max Tick Time: 50ms
[22:14:24] [Server thread/INFO]: Entity Tracking Range: Pl 48 / An 48 / Mo 48 / Mi 32 / Other 64
[22:14:24] [Server thread/INFO]: Hopper Transfer: 8 Hopper Check: 1 Hopper Amount: 1
[22:14:24] [Server thread/INFO]: Preparing start region for dimension 'world'/minecraft:overworld
[22:14:24] [Server thread/INFO]: Loaded 0 spawn chunks for world world
[22:14:24] [Server thread/INFO]: Preparing spawn area: 0%
[22:14:24] [Server thread/INFO]: Time elapsed: 271 ms
[22:14:24] [Server thread/INFO]: Preparing start region for dimension 'world_nether'/minecraft:the_nether
[22:14:25] [Server thread/INFO]: Loaded 0 spawn chunks for world world_nether
[22:14:25] [Server thread/INFO]: Time elapsed: 144 ms
[22:14:25] [Server thread/INFO]: Preparing start region for dimension 'world_the_end'/minecraft:the_end
[22:14:25] [Server thread/INFO]: Loaded 0 spawn chunks for world world_the_end
[22:14:25] [Server thread/INFO]: Time elapsed: 148 ms
[22:14:25] [Server thread/INFO]: [Timber] Enabling Timber v1.0.7
[22:14:25] [Server thread/INFO]: Timber Log Materials: [JUNGLE_LOG, BIRCH_LOG, OAK_LOG, ACACIA_LOG, SPRUCE_LOG, DARK_OAK_LOG]
[22:14:25] [Server thread/INFO]: Timber Axe Materials: [IRON_AXE, GOLDEN_AXE, STONE_AXE, DIAMOND_AXE, WOODEN_AXE]
[22:14:25] [Server thread/INFO]: [SimpleRename] Enabling SimpleRename v13.5
[22:14:25] [Server thread/INFO]: SimpleRename enabled!
[22:14:25] [Server thread/INFO]: [HolographicDisplays] Enabling HolographicDisplays v2.4.1
[22:14:26] [Server thread/INFO]: [ActionHealth] Enabling ActionHealth v3.4.6*
[22:14:26] [Server thread/INFO]: [MinecraftServerManager] Enabling MinecraftServerManager v1.0.2
[22:14:26] [Server thread/INFO]: [Multiverse-Core] Enabling Multiverse-Core v4.1.0-b775
[22:14:26] [Server thread/WARN]: [Multiverse-Core] Loaded class net.milkbowl.vault.economy.Economy from Vault v1.7.2-b107 which is not a depend, softdepend or loadbefore of this plugin.
[22:14:26] [Server thread/WARN]: [Multiverse-Core] "Multiverse-Core v4.1.0-b775" has registered a listener for org.bukkit.event.entity.EntityCreatePortalEvent on method "public void com.onarandombox.MultiverseCore.listeners.MVPortalListener.entityPortalCreate(org.bukkit.event.entity.EntityCreatePortalEvent)", but the event is Deprecated. "Server performance will be affected"; please notify the authors [Rigby, fernferret, lithium3141, main--, dumptruckman].
[22:14:26] [Server thread/INFO]: [Multiverse-Core] We are aware of the warning about the deprecated event. There is no alternative that allows us to do what we need to do. The performance impact is negligible.
[22:14:26] [Server thread/INFO]: [Multiverse-Core] 3 - World(s) loaded.
[22:14:27] [Server thread/INFO]: [Multiverse-Core] Version 4.1.0-b775 (API v24) Enabled - By Rigby, fernferret, lithium3141, main-- and dumptruckman
[22:14:27] [Server thread/INFO]: [Multiverse-Core] Help dumptruckman keep this project alive. Become a patron! https://www.patreon.com/dumptruckman
[22:14:27] [Server thread/INFO]: [Multiverse-Core] One time donations are also appreciated: https://www.paypal.me/dumptruckman
[22:14:27] [Server thread/INFO]: [InventoryRollback] Enabling InventoryRollback v1.3.7
[22:14:27] [Server thread/INFO]: Checking for updates...
[22:14:27] [Server thread/INFO]: You are running the latest version.
[22:14:27] [Server thread/INFO]: [WolfyUtilities] Enabling WolfyUtilities v1.5.6.10
[22:14:27] [Server thread/INFO]: [WU] Loading Item Categories...
[22:14:27] [Server thread/INFO]: [WU] Registering Item Categories...
[22:14:27] [Server thread/INFO]: [WU] Loading Particles...
[22:14:28] [Server thread/INFO]: [SimpleSit] Enabling SimpleSit v1.6.3*
[22:14:28] [Server thread/INFO]: [BottledExp] Enabling BottledExp v2.2.6.1
[22:14:29] [Server thread/INFO]: [BottledExp] Version 2.2.6.1 has been enabled
[22:14:29] [Server thread/INFO]: [BottledExp] Using LuckPerms via Vault.
[22:14:29] [Server thread/INFO]: [CoreProtect] Enabling CoreProtect v2.18.2
[22:14:29] [Server thread/INFO]: [CoreProtect] CoreProtect has been successfully enabled!
[22:14:29] [Server thread/INFO]: [CoreProtect] Using SQLite for data storage.
[22:14:29] [Server thread/INFO]: --------------------
[22:14:29] [Server thread/INFO]: [CoreProtect] Enjoy CoreProtect? Check out CoreEdit!
[22:14:29] [Server thread/INFO]: [CoreProtect] Download: www.coreedit.net/download/
[22:14:29] [Server thread/INFO]: --------------------
[22:14:29] [Server thread/INFO]: [Essentials] Enabling Essentials v2.17.2.0
[22:14:29] [Server thread/INFO]: [Essentials] Attempting to convert old kits in config.yml to new kits.yml
[22:14:29] [Server thread/INFO]: [Essentials] No kits found to migrate.
[22:14:29] [Server thread/INFO]: [Essentials] Starting Essentials ban format conversion
[22:14:29] [Server thread/INFO]: [Essentials] Starting usermap repair
[22:14:29] [Server thread/WARN]: [Essentials] Missing userdata folder, aborting
[22:14:29] [Server thread/INFO]: [Essentials] Using 1.8.3+ BlockStateMeta provider as mob spawner provider.
[22:14:29] [Server thread/INFO]: [Essentials] Using 1.13+ flat spawn egg provider as spawn egg provider.
[22:14:29] [Server thread/INFO]: [Essentials] Using 1.9+ BasePotionData provider as potion meta provider.
[22:14:29] [Server thread/INFO]: [Essentials] Loaded 21018 items from items.json.
[22:14:29] [Server thread/INFO]: [Essentials] Using locale en_GB
[22:14:29] [Server thread/INFO]: [Essentials] ServerListPingEvent: Spigot iterator API
[22:14:29] [Server thread/INFO]: [Essentials] Starting Metrics. Opt-out using the global bStats config.
[22:14:29] [Server thread/INFO]: [Vault] [Vault][Economy] Essentials Economy hooked.
[22:14:29] [Server thread/INFO]: [Essentials] Using Vault based permissions (LuckPerms)
[22:14:29] [Server thread/INFO]: [DeadChest] Enabling DeadChest v3.2
[22:14:30] [Server thread/INFO]: [EssentialsXMPP] Enabling EssentialsXMPP v2.17.2.0
[22:14:30] [Server thread/WARN]: [EssentialsXMPP] config broken for xmpp
[22:14:30] [Server thread/INFO]: [zAuctionHouseV2] Enabling zAuctionHouseV2 v2.1.0.7*
[22:14:30] [Server thread/INFO]: [zAuctionHouseV2 v2.1.0.7] === ENABLE START ===
[22:14:30] [Server thread/INFO]: [zAuctionHouseV2 v2.1.0.7] Plugin Version V2.1.0.7
[22:14:30] [Server thread/INFO]: [zAuctionHouseV2 v2.1.0.7] Loading 1 commands
[22:14:30] [Server thread/INFO]: [zAuctionHouseV2 v2.1.0.7] Loading 11 inventories
[22:14:30] [Server thread/INFO]: [zAuctionHouseV2 v2.1.0.7] Using storage ÂJSON
[22:14:30] [Server thread/INFO]: [zAuctionHouseV2 v2.1.0.7] C:\Users\lukel\Desktop\1.15 Minecraft Server Template\plugins\zAuctionHouseV2\config.json loaded successfully !
[22:14:30] [Server thread/INFO]: [zAuctionHouseV2 v2.1.0.7] Loading messages with EN_US configuration
[22:14:30] [Server thread/INFO]: [zAuctionHouseV2 v2.1.0.7] C:\Users\lukel\Desktop\1.15 Minecraft Server Template\plugins\zAuctionHouseV2\messages\en_us.json loaded successfully !
[22:14:30] [Server thread/INFO]: [zAuctionHouseV2 v2.1.0.7] C:\Users\lukel\Desktop\1.15 Minecraft Server Template\plugins\zAuctionHouseV2\items.json loaded successfully !
[22:14:30] [Server thread/INFO]: [zAuctionHouseV2 v2.1.0.7] C:\Users\lukel\Desktop\1.15 Minecraft Server Template\plugins\zAuctionHouseV2\claimmoney.json loaded successfully !
[22:14:30] [Server thread/INFO]: [zAuctionHouseV2 v2.1.0.7] === ENABLE DONE (155ms) ===
[22:14:30] [Server thread/INFO]: [TabList] Enabling TabList v5.3.1
[22:14:30] [Server thread/INFO]: [TabList] You're running the latest version.
[22:14:30] [Server thread/INFO]: [TabList] Metrics enabled.
[22:14:30] [Server thread/INFO]: [TabList] > The plugin successfully enabled v5.3.1!
[22:14:30] [Server thread/INFO]: [EssentialsProtect] Enabling EssentialsProtect v2.17.2.0
[22:14:30] [Server thread/INFO]: [EssentialsProtect] Continuing to enable Protect.
[22:14:30] [Server thread/INFO]: [EssentialsChat] Enabling EssentialsChat v2.17.2.0
[22:14:30] [Server thread/INFO]: [EssentialsGeoIP] Enabling EssentialsGeoIP v2.17.2.0
[22:14:30] [Server thread/ERROR]: [EssentialsGeoIP] No license key found! Please visit https://essentialsx.cf/geoip for first time setup instructions.
[22:14:30] [Server thread/ERROR]: [EssentialsGeoIP] Failed to read GeoIP database!
java.io.FileNotFoundException: plugins\EssentialsGeoIP\GeoIP2-Country.mmdb (The system cannot find the file specified)
	at java.io.RandomAccessFile.open0(Native Method) ~[?:1.8.0_202]
	at java.io.RandomAccessFile.open(Unknown Source) ~[?:1.8.0_202]
	at java.io.RandomAccessFile.<init>(Unknown Source) ~[?:1.8.0_202]
	at com.maxmind.db.BufferHolder.<init>(BufferHolder.java:19) ~[?:?]
	at com.maxmind.db.Reader.<init>(Reader.java:116) ~[?:?]
	at com.maxmind.geoip2.DatabaseReader.<init>(DatabaseReader.java:66) ~[?:?]
	at com.maxmind.geoip2.DatabaseReader.<init>(DatabaseReader.java:54) ~[?:?]
	at com.maxmind.geoip2.DatabaseReader$Builder.build(DatabaseReader.java:160) ~[?:?]
	at com.earth2me.essentials.geoip.EssentialsGeoIPPlayerListener.reloadConfig(EssentialsGeoIPPlayerListener.java:158) ~[?:?]
	at com.earth2me.essentials.geoip.EssentialsGeoIPPlayerListener.<init>(EssentialsGeoIPPlayerListener.java:43) ~[?:?]
	at com.earth2me.essentials.geoip.EssentialsGeoIP.onEnable(EssentialsGeoIP.java:31) ~[?:?]
	at org.bukkit.plugin.java.JavaPlugin.setEnabled(JavaPlugin.java:263) ~[patched_1.15.2.jar:git-Paper-220]
	at org.bukkit.plugin.java.JavaPluginLoader.enablePlugin(JavaPluginLoader.java:364) ~[patched_1.15.2.jar:git-Paper-220]
	at org.bukkit.plugin.SimplePluginManager.enablePlugin(SimplePluginManager.java:483) ~[patched_1.15.2.jar:git-Paper-220]
	at org.bukkit.craftbukkit.v1_15_R1.CraftServer.enablePlugin(CraftServer.java:470) ~[patched_1.15.2.jar:git-Paper-220]
	at org.bukkit.craftbukkit.v1_15_R1.CraftServer.enablePlugins(CraftServer.java:384) ~[patched_1.15.2.jar:git-Paper-220]
	at net.minecraft.server.v1_15_R1.MinecraftServer.a(MinecraftServer.java:488) ~[patched_1.15.2.jar:git-Paper-220]
	at net.minecraft.server.v1_15_R1.DedicatedServer.init(DedicatedServer.java:298) ~[patched_1.15.2.jar:git-Paper-220]
	at net.minecraft.server.v1_15_R1.MinecraftServer.run(MinecraftServer.java:895) ~[patched_1.15.2.jar:git-Paper-220]
	at java.lang.Thread.run(Unknown Source) [?:1.8.0_202]
[22:14:30] [Server thread/INFO]: [EssentialsGeoIP] This product includes GeoLite2 data created by MaxMind, available from http://www.maxmind.com/.
[22:14:30] [Server thread/INFO]: [EssentialsAntiBuild] Enabling EssentialsAntiBuild v2.17.2.0
[22:14:30] [Server thread/INFO]: [BetterRTP] Enabling BetterRTP v2.10.1
[22:14:30] [Server thread/INFO]: [EssentialsSpawn] Enabling EssentialsSpawn v2.17.2.0
[22:14:31] [Server thread/INFO]: Done (8.445s)! For help, type "help"
[22:14:31] [Server thread/INFO]: Timings Reset
[22:14:31] [Server thread/INFO]: [CoreProtect] WorldEdit logging successfully initialized.
[22:14:31] [Craft Scheduler Thread - 13/INFO]: [Vault] Checking for Updates ... 
[22:14:31] [Craft Scheduler Thread - 7/INFO]: [zAuctionHouseV2 v2.1.0.7] You do not use the latest version of the plugin! Thank you for taking the latest version to avoid any risk of problem!
[22:14:31] [Craft Scheduler Thread - 3/INFO]: [SimpleSit] Unable to check for updates: Server returned HTTP response code: 503 for URL: https://www.spigotmc.org/resources/simple-sit.14706/. Please contact the developer.
[22:14:32] [Craft Scheduler Thread - 13/INFO]: [Vault] No new version available
[22:15:05] [Server thread/INFO]: Stopping the server
[22:15:05] [Server thread/INFO]: Stopping server
[22:15:05] [Server thread/INFO]: [EssentialsSpawn] Disabling EssentialsSpawn v2.17.2.0
[22:15:05] [Server thread/INFO]: [BetterRTP] Disabling BetterRTP v2.10.1
[22:15:05] [Server thread/INFO]: [EssentialsAntiBuild] Disabling EssentialsAntiBuild v2.17.2.0
[22:15:05] [Server thread/INFO]: [EssentialsGeoIP] Disabling EssentialsGeoIP v2.17.2.0
[22:15:05] [Server thread/INFO]: [EssentialsChat] Disabling EssentialsChat v2.17.2.0
[22:15:05] [Server thread/INFO]: [EssentialsProtect] Disabling EssentialsProtect v2.17.2.0
[22:15:05] [Server thread/INFO]: [TabList] Disabling TabList v5.3.1
[22:15:05] [Server thread/INFO]: [TabList] > The plugin successfully disabled!
[22:15:05] [Server thread/INFO]: [zAuctionHouseV2] Disabling zAuctionHouseV2 v2.1.0.7
[22:15:05] [Server thread/INFO]: [zAuctionHouseV2 v2.1.0.7] === DISABLE START ===
[22:15:05] [Server thread/INFO]: [zAuctionHouseV2 v2.1.0.7] === DISABLE DONE (9ms) ===
[22:15:05] [Server thread/INFO]: [EssentialsXMPP] Disabling EssentialsXMPP v2.17.2.0
[22:15:05] [Server thread/INFO]: [DeadChest] Disabling DeadChest v3.2
[22:15:05] [Server thread/INFO]: [Essentials] Disabling Essentials v2.17.2.0
[22:15:05] [Server thread/INFO]: [Vault] [Vault][Economy] Essentials Economy unhooked.
[22:15:05] [Server thread/INFO]: [CoreProtect] Disabling CoreProtect v2.18.2
[22:15:05] [Server thread/INFO]: [CoreProtect] Finishing up data logging. Please wait...
[22:15:06] [Server thread/INFO]: [CoreProtect] Success! Disabled CoreProtect v2.18.2
[22:15:06] [Server thread/INFO]: [BottledExp] Disabling BottledExp v2.2.6.1
[22:15:06] [Server thread/INFO]: [BottledExp] You are no longer able to fill XP into Bottles
[22:15:06] [Server thread/INFO]: [SimpleSit] Disabling SimpleSit v1.6.3
[22:15:06] [Server thread/INFO]: [Vault] Disabling Vault v1.7.2-b107
[22:15:06] [Server thread/INFO]: WEPIF: Vault detected! Using Vault for permissions
[22:15:06] [Server thread/INFO]: [WolfyUtilities] Disabling WolfyUtilities v1.5.6.10
[22:15:06] [Server thread/INFO]: [InventoryRollback] Disabling InventoryRollback v1.3.7
[22:15:06] [Server thread/INFO]: [Multiverse-Core] Disabling Multiverse-Core v4.1.0-b775
[22:15:06] [Server thread/INFO]: [MinecraftServerManager] Disabling MinecraftServerManager v1.0.2
[22:15:06] [Server thread/INFO]: [ActionHealth] Disabling ActionHealth v3.4.6
[22:15:06] [Server thread/INFO]: [HolographicDisplays] Disabling HolographicDisplays v2.4.1
[22:15:06] [Server thread/INFO]: [SimpleRename] Disabling SimpleRename v13.5
[22:15:06] [Server thread/INFO]: SimpleRename disabled!
[22:15:06] [Server thread/INFO]: [Timber] Disabling Timber v1.0.7
[22:15:06] [Server thread/INFO]: [WorldEdit] Disabling WorldEdit v7.1.0;8e55131
[22:15:06] [Server thread/INFO]: Unregistering com.sk89q.worldedit.bukkit.BukkitServerInterface from WorldEdit
[22:15:06] [Server thread/INFO]: [LuckPerms] Disabling LuckPerms v5.0.72
[22:15:06] [Server thread/INFO]: [LuckPerms] Starting shutdown process...
[22:15:06] [Server thread/INFO]: [LuckPerms] Closing storage...
[22:15:06] [Server thread/INFO]: [LuckPerms] Goodbye!
[22:15:06] [Server thread/INFO]: Saving players
[22:15:06] [Server thread/INFO]: Saving worlds
[22:15:06] [Server thread/INFO]: Saving chunks for level 'world'/minecraft:overworld
[22:15:07] [Server thread/INFO]: ThreadedAnvilChunkStorage (world): All chunks are saved
[22:15:07] [Server thread/INFO]: Saving chunks for level 'world_nether'/minecraft:the_nether
[22:15:08] [Server thread/INFO]: ThreadedAnvilChunkStorage (DIM-1): All chunks are saved
[22:15:08] [Server thread/INFO]: Saving chunks for level 'world_the_end'/minecraft:the_end
[22:15:09] [Server thread/INFO]: ThreadedAnvilChunkStorage (DIM1): All chunks are saved
[22:15:09] [Server thread/INFO]: ThreadedAnvilChunkStorage (world): All chunks are saved
[22:15:09] [Server thread/INFO]: ThreadedAnvilChunkStorage (DIM-1): All chunks are saved
[22:15:09] [Server thread/INFO]: ThreadedAnvilChunkStorage (DIM1): All chunks are saved
[22:15:09] [Server thread/INFO]: Flushing Chunk IO
[22:15:09] [Server thread/INFO]: Closing Thread Pool
[22:15:09] [Server thread/INFO]: Closing Server
